<?xml version="1.0" encoding="UTF-8"?>
<!-- Generated by org.testng.reporters.JUnitReportReporter -->
<testsuite hostname="LAPTOP-30TF6H8T" failures="0" tests="14" name="com.bstackdemo.runner.TestRunner" time="811.419" errors="1" timestamp="2026-07-07T16:59:52 IST" skipped="0">
  <testcase classname="com.bstackdemo.runner.TestRunner" name="runScenario" time="28.062"/>
  <testcase classname="com.bstackdemo.runner.TestRunner" name="runScenario" time="45.054"/>
  <testcase classname="com.bstackdemo.runner.TestRunner" name="runScenario" time="55.405"/>
  <testcase classname="com.bstackdemo.runner.TestRunner" name="runScenario" time="31.842"/>
  <testcase classname="com.bstackdemo.runner.TestRunner" name="runScenario" time="45.228"/>
  <testcase classname="com.bstackdemo.runner.TestRunner" name="runScenario" time="18.761"/>
  <testcase classname="com.bstackdemo.runner.TestRunner" name="runScenario" time="92.999"/>
  <testcase classname="com.bstackdemo.runner.TestRunner" name="runScenario" time="158.072"/>
  <testcase classname="com.bstackdemo.runner.TestRunner" name="runScenario" time="85.800"/>
  <testcase classname="com.bstackdemo.runner.TestRunner" name="runScenario" time="85.557"/>
  <testcase classname="com.bstackdemo.runner.TestRunner" name="runScenario" time="55.254"/>
  <testcase classname="com.bstackdemo.runner.TestRunner" name="runScenario" time="2.047">
    <error message="Could not start a new session. Response code 500. Message: session not created: This version of Microsoft Edge WebDriver only supports Microsoft Edge version 148
Current browser version is 150.0.4078.48 with binary path C:\Program Files (x86)\Microsoft\Edge\Application\msedge.exe 
Host info: host: &#039;LAPTOP-30TF6H8T&#039;, ip: &#039;10.218.120.22&#039;
Build info: version: &#039;4.23.1&#039;, revision: &#039;656257d8e9&#039;
System info: os.name: &#039;Windows 11&#039;, os.arch: &#039;amd64&#039;, os.version: &#039;10.0&#039;, java.version: &#039;23.0.1&#039;
Driver info: org.openqa.selenium.edge.EdgeDriver
Command: [null, newSession {capabilities=[Capabilities {browserName: MicrosoftEdge, ms:edgeOptions: {args: [--start-maximized, --remote-allow-origins=*], binary: C:\Program Files (x86)\Micr..., extensions: []}}]}]" type="org.openqa.selenium.SessionNotCreatedException">
      <![CDATA[org.openqa.selenium.SessionNotCreatedException: Could not start a new session. Response code 500. Message: session not created: This version of Microsoft Edge WebDriver only supports Microsoft Edge version 148
Current browser version is 150.0.4078.48 with binary path C:\Program Files (x86)\Microsoft\Edge\Application\msedge.exe 
Host info: host: 'LAPTOP-30TF6H8T', ip: '10.218.120.22'
Build info: version: '4.23.1', revision: '656257d8e9'
System info: os.name: 'Windows 11', os.arch: 'amd64', os.version: '10.0', java.version: '23.0.1'
Driver info: org.openqa.selenium.edge.EdgeDriver
Command: [null, newSession {capabilities=[Capabilities {browserName: MicrosoftEdge, ms:edgeOptions: {args: [--start-maximized, --remote-allow-origins=*], binary: C:\Program Files (x86)\Micr..., extensions: []}}]}]
at org.openqa.selenium.remote.ProtocolHandshake.createSession(ProtocolHandshake.java:114)
at org.openqa.selenium.remote.ProtocolHandshake.createSession(ProtocolHandshake.java:75)
at org.openqa.selenium.remote.ProtocolHandshake.createSession(ProtocolHandshake.java:61)
at org.openqa.selenium.remote.HttpCommandExecutor.execute(HttpCommandExecutor.java:162)
at org.openqa.selenium.remote.service.DriverCommandExecutor.invokeExecute(DriverCommandExecutor.java:216)
at org.openqa.selenium.remote.service.DriverCommandExecutor.execute(DriverCommandExecutor.java:174)
at org.openqa.selenium.remote.RemoteWebDriver.execute(RemoteWebDriver.java:545)
at org.openqa.selenium.remote.RemoteWebDriver.startSession(RemoteWebDriver.java:245)
at org.openqa.selenium.remote.RemoteWebDriver.<init>(RemoteWebDriver.java:174)
at org.openqa.selenium.chromium.ChromiumDriver.<init>(ChromiumDriver.java:114)
at org.openqa.selenium.edge.EdgeDriver.<init>(EdgeDriver.java:60)
at org.openqa.selenium.edge.EdgeDriver.<init>(EdgeDriver.java:56)
at org.openqa.selenium.edge.EdgeDriver.<init>(EdgeDriver.java:48)
at com.bstackdemo.base.DriverFactory.initDriver(DriverFactory.java:37)
at com.bstackdemo.hooks.Hooks.invokeBrowserBasedOnScenario(Hooks.java:20)
]]>
    </error>
  </testcase> <!-- runScenario -->
  <testcase classname="com.bstackdemo.runner.TestRunner" name="runScenario" time="31.287"/>
  <testcase classname="com.bstackdemo.runner.TestRunner" name="runScenario" time="76.051"/>
</testsuite> <!-- com.bstackdemo.runner.TestRunner -->
