<?xml version="1.0" encoding="UTF-8"?>
<!-- Generated by org.testng.reporters.JUnitReportReporter -->
<testsuite hostname="LAPTOP-30TF6H8T" failures="0" tests="12" name="com.bstackdemo.runner.TestRunner" time="777.653" errors="0" timestamp="2026-07-01T15:38:34 IST" skipped="0">
  <testcase classname="com.bstackdemo.runner.TestRunner" name="runScenario" time="263.258"/>
  <testcase classname="com.bstackdemo.runner.TestRunner" name="runScenario" time="38.355"/>
  <testcase classname="com.bstackdemo.runner.TestRunner" name="runScenario" time="83.441"/>
  <testcase classname="com.bstackdemo.runner.TestRunner" name="runScenario" time="22.529"/>
  <testcase classname="com.bstackdemo.runner.TestRunner" name="runScenario" time="70.482"/>
  <testcase classname="com.bstackdemo.runner.TestRunner" name="runScenario" time="89.481"/>
  <testcase classname="com.bstackdemo.runner.TestRunner" name="runScenario" time="73.680"/>
  <testcase classname="com.bstackdemo.runner.TestRunner" name="runScenario" time="17.448"/>
  <testcase classname="com.bstackdemo.runner.TestRunner" name="runScenario" time="27.775"/>
  <testcase classname="com.bstackdemo.runner.TestRunner" name="runScenario" time="67.079"/>
  <testcase classname="com.bstackdemo.runner.TestRunner" name="runScenario" time="11.345"/>
  <testcase classname="com.bstackdemo.runner.TestRunner" name="runScenario" time="12.780"/>
</testsuite> <!-- com.bstackdemo.runner.TestRunner -->
