<?xml version="1.0" encoding="UTF-8"?>
<testng-results ignored="0" total="12" passed="12" failed="0" skipped="0">
  <reporter-output>
  </reporter-output>
  <suite started-at="2026-07-01T15:25:35 IST" name="Default suite" finished-at="2026-07-01T15:38:34 IST" duration-ms="778807">
    <groups>
      <group name="cucumber">
        <method signature="AbstractTestNGCucumberTests.runScenario(io.cucumber.testng.PickleWrapper,io.cucumber.testng.FeatureWrapper)[pri:0, instance:com.bstackdemo.runner.TestRunner@313b2ea6]" name="runScenario" class="io.cucumber.testng.AbstractTestNGCucumberTests"/>
      </group> <!-- cucumber -->
    </groups>
    <test started-at="2026-07-01T15:25:35 IST" name="Default test" finished-at="2026-07-01T15:38:34 IST" duration-ms="778807">
      <class name="com.bstackdemo.runner.TestRunner">
        <test-method is-config="true" signature="setUpClass(org.testng.ITestContext)[pri:0, instance:com.bstackdemo.runner.TestRunner@313b2ea6]" started-at="2026-07-01T15:25:35 IST" name="setUpClass" finished-at="2026-07-01T15:25:36 IST" duration-ms="959" status="PASS">
          <params>
            <param index="0">
              <value>
                <![CDATA[org.testng.TestRunner@53141d54]]>
              </value>
            </param>
          </params>
          <reporter-output>
          </reporter-output>
        </test-method> <!-- setUpClass -->
        <test-method signature="runScenario(io.cucumber.testng.PickleWrapper,io.cucumber.testng.FeatureWrapper)[pri:0, instance:com.bstackdemo.runner.TestRunner@313b2ea6]" started-at="2026-07-01T15:25:36 IST" name="runScenario" description="Runs Cucumber Scenarios" data-provider="scenarios" finished-at="2026-07-01T15:25:49 IST" duration-ms="12780" status="PASS">
          <params>
            <param index="0">
              <value>
                <![CDATA["User registration availability and email validation scenarios"]]>
              </value>
            </param>
            <param index="1">
              <value>
                <![CDATA["BStackDemo scenarios sorted by real user execution flow"]]>
              </value>
            </param>
          </params>
          <reporter-output>
          </reporter-output>
        </test-method> <!-- runScenario -->
        <test-method signature="runScenario(io.cucumber.testng.PickleWrapper,io.cucumber.testng.FeatureWrapper)[pri:0, instance:com.bstackdemo.runner.TestRunner@313b2ea6]" started-at="2026-07-01T15:25:49 IST" name="runScenario" description="Runs Cucumber Scenarios" data-provider="scenarios" finished-at="2026-07-01T15:27:12 IST" duration-ms="83441" status="PASS">
          <params>
            <param index="0">
              <value>
                <![CDATA["User login authentication and logout scenarios"]]>
              </value>
            </param>
            <param index="1">
              <value>
                <![CDATA["BStackDemo scenarios sorted by real user execution flow"]]>
              </value>
            </param>
          </params>
          <reporter-output>
          </reporter-output>
        </test-method> <!-- runScenario -->
        <test-method signature="runScenario(io.cucumber.testng.PickleWrapper,io.cucumber.testng.FeatureWrapper)[pri:0, instance:com.bstackdemo.runner.TestRunner@313b2ea6]" started-at="2026-07-01T15:27:12 IST" name="runScenario" description="Runs Cucumber Scenarios" data-provider="scenarios" finished-at="2026-07-01T15:27:40 IST" duration-ms="27775" status="PASS">
          <params>
            <param index="0">
              <value>
                <![CDATA["Home page and product listing scenarios"]]>
              </value>
            </param>
            <param index="1">
              <value>
                <![CDATA["BStackDemo scenarios sorted by real user execution flow"]]>
              </value>
            </param>
          </params>
          <reporter-output>
          </reporter-output>
        </test-method> <!-- runScenario -->
        <test-method signature="runScenario(io.cucumber.testng.PickleWrapper,io.cucumber.testng.FeatureWrapper)[pri:0, instance:com.bstackdemo.runner.TestRunner@313b2ea6]" started-at="2026-07-01T15:27:40 IST" name="runScenario" description="Runs Cucumber Scenarios" data-provider="scenarios" finished-at="2026-07-01T15:28:54 IST" duration-ms="73680" status="PASS">
          <params>
            <param index="0">
              <value>
                <![CDATA["Product vendor filter scenarios"]]>
              </value>
            </param>
            <param index="1">
              <value>
                <![CDATA["BStackDemo scenarios sorted by real user execution flow"]]>
              </value>
            </param>
          </params>
          <reporter-output>
          </reporter-output>
        </test-method> <!-- runScenario -->
        <test-method signature="runScenario(io.cucumber.testng.PickleWrapper,io.cucumber.testng.FeatureWrapper)[pri:0, instance:com.bstackdemo.runner.TestRunner@313b2ea6]" started-at="2026-07-01T15:28:54 IST" name="runScenario" description="Runs Cucumber Scenarios" data-provider="scenarios" finished-at="2026-07-01T15:30:23 IST" duration-ms="89481" status="PASS">
          <params>
            <param index="0">
              <value>
                <![CDATA["Product price sort scenarios"]]>
              </value>
            </param>
            <param index="1">
              <value>
                <![CDATA["BStackDemo scenarios sorted by real user execution flow"]]>
              </value>
            </param>
          </params>
          <reporter-output>
          </reporter-output>
        </test-method> <!-- runScenario -->
        <test-method signature="runScenario(io.cucumber.testng.PickleWrapper,io.cucumber.testng.FeatureWrapper)[pri:0, instance:com.bstackdemo.runner.TestRunner@313b2ea6]" started-at="2026-07-01T15:30:23 IST" name="runScenario" description="Runs Cucumber Scenarios" data-provider="scenarios" finished-at="2026-07-01T15:31:34 IST" duration-ms="70482" status="PASS">
          <params>
            <param index="0">
              <value>
                <![CDATA["Cart add and cart view scenarios"]]>
              </value>
            </param>
            <param index="1">
              <value>
                <![CDATA["BStackDemo scenarios sorted by real user execution flow"]]>
              </value>
            </param>
          </params>
          <reporter-output>
          </reporter-output>
        </test-method> <!-- runScenario -->
        <test-method signature="runScenario(io.cucumber.testng.PickleWrapper,io.cucumber.testng.FeatureWrapper)[pri:0, instance:com.bstackdemo.runner.TestRunner@313b2ea6]" started-at="2026-07-01T15:31:34 IST" name="runScenario" description="Runs Cucumber Scenarios" data-provider="scenarios" finished-at="2026-07-01T15:32:41 IST" duration-ms="67079" status="PASS">
          <params>
            <param index="0">
              <value>
                <![CDATA["Cart quantity total and remove scenarios"]]>
              </value>
            </param>
            <param index="1">
              <value>
                <![CDATA["BStackDemo scenarios sorted by real user execution flow"]]>
              </value>
            </param>
          </params>
          <reporter-output>
          </reporter-output>
        </test-method> <!-- runScenario -->
        <test-method signature="runScenario(io.cucumber.testng.PickleWrapper,io.cucumber.testng.FeatureWrapper)[pri:0, instance:com.bstackdemo.runner.TestRunner@313b2ea6]" started-at="2026-07-01T15:32:41 IST" name="runScenario" description="Runs Cucumber Scenarios" data-provider="scenarios" finished-at="2026-07-01T15:37:04 IST" duration-ms="263258" status="PASS">
          <params>
            <param index="0">
              <value>
                <![CDATA["Checkout address pincode validation and order scenarios"]]>
              </value>
            </param>
            <param index="1">
              <value>
                <![CDATA["BStackDemo scenarios sorted by real user execution flow"]]>
              </value>
            </param>
          </params>
          <reporter-output>
          </reporter-output>
        </test-method> <!-- runScenario -->
        <test-method signature="runScenario(io.cucumber.testng.PickleWrapper,io.cucumber.testng.FeatureWrapper)[pri:0, instance:com.bstackdemo.runner.TestRunner@313b2ea6]" started-at="2026-07-01T15:37:04 IST" name="runScenario" description="Runs Cucumber Scenarios" data-provider="scenarios" finished-at="2026-07-01T15:37:42 IST" duration-ms="38355" status="PASS">
          <params>
            <param index="0">
              <value>
                <![CDATA["Logout and browser security scenarios"]]>
              </value>
            </param>
            <param index="1">
              <value>
                <![CDATA["BStackDemo scenarios sorted by real user execution flow"]]>
              </value>
            </param>
          </params>
          <reporter-output>
          </reporter-output>
        </test-method> <!-- runScenario -->
        <test-method signature="runScenario(io.cucumber.testng.PickleWrapper,io.cucumber.testng.FeatureWrapper)[pri:0, instance:com.bstackdemo.runner.TestRunner@313b2ea6]" started-at="2026-07-01T15:37:42 IST" name="runScenario" description="Runs Cucumber Scenarios" data-provider="scenarios" finished-at="2026-07-01T15:38:05 IST" duration-ms="22529" status="PASS">
          <params>
            <param index="0">
              <value>
                <![CDATA["Framework wait screenshot and report scenarios"]]>
              </value>
            </param>
            <param index="1">
              <value>
                <![CDATA["BStackDemo scenarios sorted by real user execution flow"]]>
              </value>
            </param>
          </params>
          <reporter-output>
          </reporter-output>
        </test-method> <!-- runScenario -->
        <test-method signature="runScenario(io.cucumber.testng.PickleWrapper,io.cucumber.testng.FeatureWrapper)[pri:0, instance:com.bstackdemo.runner.TestRunner@313b2ea6]" started-at="2026-07-01T15:38:05 IST" name="runScenario" description="Runs Cucumber Scenarios" data-provider="scenarios" finished-at="2026-07-01T15:38:22 IST" duration-ms="17448" status="PASS">
          <params>
            <param index="0">
              <value>
                <![CDATA["Chrome browser compatibility and responsive scenarios"]]>
              </value>
            </param>
            <param index="1">
              <value>
                <![CDATA["BStackDemo scenarios sorted by real user execution flow"]]>
              </value>
            </param>
          </params>
          <reporter-output>
          </reporter-output>
        </test-method> <!-- runScenario -->
        <test-method signature="runScenario(io.cucumber.testng.PickleWrapper,io.cucumber.testng.FeatureWrapper)[pri:0, instance:com.bstackdemo.runner.TestRunner@313b2ea6]" started-at="2026-07-01T15:38:22 IST" name="runScenario" description="Runs Cucumber Scenarios" data-provider="scenarios" finished-at="2026-07-01T15:38:34 IST" duration-ms="11345" status="PASS">
          <params>
            <param index="0">
              <value>
                <![CDATA["Edge browser compatibility scenario"]]>
              </value>
            </param>
            <param index="1">
              <value>
                <![CDATA["BStackDemo scenarios sorted by real user execution flow"]]>
              </value>
            </param>
          </params>
          <reporter-output>
          </reporter-output>
        </test-method> <!-- runScenario -->
        <test-method is-config="true" signature="tearDownClass()[pri:0, instance:com.bstackdemo.runner.TestRunner@313b2ea6]" started-at="2026-07-01T15:38:34 IST" name="tearDownClass" finished-at="2026-07-01T15:38:34 IST" duration-ms="99" status="PASS">
          <reporter-output>
          </reporter-output>
        </test-method> <!-- tearDownClass -->
      </class> <!-- com.bstackdemo.runner.TestRunner -->
    </test> <!-- Default test -->
  </suite> <!-- Default suite -->
</testng-results>
