<?xml version="1.0" encoding="UTF-8"?>
<testng-results ignored="0" total="14" passed="13" failed="1" skipped="0">
  <reporter-output>
  </reporter-output>
  <suite started-at="2026-07-07T16:46:19 IST" name="Default suite" finished-at="2026-07-07T16:59:52 IST" duration-ms="812808">
    <groups>
      <group name="cucumber">
        <method signature="AbstractTestNGCucumberTests.runScenario(io.cucumber.testng.PickleWrapper,io.cucumber.testng.FeatureWrapper)[pri:0, instance:com.bstackdemo.runner.TestRunner@3098cf3b]" name="runScenario" class="io.cucumber.testng.AbstractTestNGCucumberTests"/>
      </group> <!-- cucumber -->
    </groups>
    <test started-at="2026-07-07T16:46:19 IST" name="Default test" finished-at="2026-07-07T16:59:52 IST" duration-ms="812808">
      <class name="com.bstackdemo.runner.TestRunner">
        <test-method is-config="true" signature="setUpClass(org.testng.ITestContext)[pri:0, instance:com.bstackdemo.runner.TestRunner@3098cf3b]" started-at="2026-07-07T16:46:19 IST" name="setUpClass" finished-at="2026-07-07T16:46:21 IST" duration-ms="1183" status="PASS">
          <params>
            <param index="0">
              <value>
                <![CDATA[org.testng.TestRunner@740ed220]]>
              </value>
            </param>
          </params>
          <reporter-output>
          </reporter-output>
        </test-method> <!-- setUpClass -->
        <test-method signature="runScenario(io.cucumber.testng.PickleWrapper,io.cucumber.testng.FeatureWrapper)[pri:0, instance:com.bstackdemo.runner.TestRunner@3098cf3b]" started-at="2026-07-07T16:46:21 IST" name="runScenario" description="Runs Cucumber Scenarios" data-provider="scenarios" finished-at="2026-07-07T16:46:39 IST" duration-ms="18761" status="PASS">
          <params>
            <param index="0">
              <value>
                <![CDATA["User registration availability and email validation scenarios"]]>
              </value>
            </param>
            <param index="1">
              <value>
                <![CDATA["BStackDemo scenarios sorted by real user execution flow"]]>
              </value>
            </param>
          </params>
          <reporter-output>
          </reporter-output>
        </test-method> <!-- runScenario -->
        <test-method signature="runScenario(io.cucumber.testng.PickleWrapper,io.cucumber.testng.FeatureWrapper)[pri:0, instance:com.bstackdemo.runner.TestRunner@3098cf3b]" started-at="2026-07-07T16:46:39 IST" name="runScenario" description="Runs Cucumber Scenarios" data-provider="scenarios" finished-at="2026-07-07T16:48:12 IST" duration-ms="92999" status="PASS">
          <params>
            <param index="0">
              <value>
                <![CDATA["User login authentication and logout scenarios"]]>
              </value>
            </param>
            <param index="1">
              <value>
                <![CDATA["BStackDemo scenarios sorted by real user execution flow"]]>
              </value>
            </param>
          </params>
          <reporter-output>
          </reporter-output>
        </test-method> <!-- runScenario -->
        <test-method signature="runScenario(io.cucumber.testng.PickleWrapper,io.cucumber.testng.FeatureWrapper)[pri:0, instance:com.bstackdemo.runner.TestRunner@3098cf3b]" started-at="2026-07-07T16:48:12 IST" name="runScenario" description="Runs Cucumber Scenarios" data-provider="scenarios" finished-at="2026-07-07T16:48:57 IST" duration-ms="45054" status="PASS">
          <params>
            <param index="0">
              <value>
                <![CDATA["Home page and product listing scenarios"]]>
              </value>
            </param>
            <param index="1">
              <value>
                <![CDATA["BStackDemo scenarios sorted by real user execution flow"]]>
              </value>
            </param>
          </params>
          <reporter-output>
          </reporter-output>
        </test-method> <!-- runScenario -->
        <test-method signature="runScenario(io.cucumber.testng.PickleWrapper,io.cucumber.testng.FeatureWrapper)[pri:0, instance:com.bstackdemo.runner.TestRunner@3098cf3b]" started-at="2026-07-07T16:48:57 IST" name="runScenario" description="Runs Cucumber Scenarios" data-provider="scenarios" finished-at="2026-07-07T16:49:53 IST" duration-ms="55405" status="PASS">
          <params>
            <param index="0">
              <value>
                <![CDATA["Product vendor filter scenarios"]]>
              </value>
            </param>
            <param index="1">
              <value>
                <![CDATA["BStackDemo scenarios sorted by real user execution flow"]]>
              </value>
            </param>
          </params>
          <reporter-output>
          </reporter-output>
        </test-method> <!-- runScenario -->
        <test-method signature="runScenario(io.cucumber.testng.PickleWrapper,io.cucumber.testng.FeatureWrapper)[pri:0, instance:com.bstackdemo.runner.TestRunner@3098cf3b]" started-at="2026-07-07T16:49:53 IST" name="runScenario" description="Runs Cucumber Scenarios" data-provider="scenarios" finished-at="2026-07-07T16:50:25 IST" duration-ms="31842" status="PASS">
          <params>
            <param index="0">
              <value>
                <![CDATA["Product price sort scenarios"]]>
              </value>
            </param>
            <param index="1">
              <value>
                <![CDATA["BStackDemo scenarios sorted by real user execution flow"]]>
              </value>
            </param>
          </params>
          <reporter-output>
          </reporter-output>
        </test-method> <!-- runScenario -->
        <test-method signature="runScenario(io.cucumber.testng.PickleWrapper,io.cucumber.testng.FeatureWrapper)[pri:0, instance:com.bstackdemo.runner.TestRunner@3098cf3b]" started-at="2026-07-07T16:50:25 IST" name="runScenario" description="Runs Cucumber Scenarios" data-provider="scenarios" finished-at="2026-07-07T16:51:50 IST" duration-ms="85800" status="PASS">
          <params>
            <param index="0">
              <value>
                <![CDATA["Cart add and cart view scenarios"]]>
              </value>
            </param>
            <param index="1">
              <value>
                <![CDATA["BStackDemo scenarios sorted by real user execution flow"]]>
              </value>
            </param>
          </params>
          <reporter-output>
          </reporter-output>
        </test-method> <!-- runScenario -->
        <test-method signature="runScenario(io.cucumber.testng.PickleWrapper,io.cucumber.testng.FeatureWrapper)[pri:0, instance:com.bstackdemo.runner.TestRunner@3098cf3b]" started-at="2026-07-07T16:51:50 IST" name="runScenario" description="Runs Cucumber Scenarios" data-provider="scenarios" finished-at="2026-07-07T16:53:16 IST" duration-ms="85557" status="PASS">
          <params>
            <param index="0">
              <value>
                <![CDATA["Cart quantity total and remove scenarios"]]>
              </value>
            </param>
            <param index="1">
              <value>
                <![CDATA["BStackDemo scenarios sorted by real user execution flow"]]>
              </value>
            </param>
          </params>
          <reporter-output>
          </reporter-output>
        </test-method> <!-- runScenario -->
        <test-method signature="runScenario(io.cucumber.testng.PickleWrapper,io.cucumber.testng.FeatureWrapper)[pri:0, instance:com.bstackdemo.runner.TestRunner@3098cf3b]" started-at="2026-07-07T16:53:16 IST" name="runScenario" description="Runs Cucumber Scenarios" data-provider="scenarios" finished-at="2026-07-07T16:54:32 IST" duration-ms="76051" status="PASS">
          <params>
            <param index="0">
              <value>
                <![CDATA["Checkout navigation and pincode validation scenarios"]]>
              </value>
            </param>
            <param index="1">
              <value>
                <![CDATA["BStackDemo scenarios sorted by real user execution flow"]]>
              </value>
            </param>
          </params>
          <reporter-output>
          </reporter-output>
        </test-method> <!-- runScenario -->
        <test-method signature="runScenario(io.cucumber.testng.PickleWrapper,io.cucumber.testng.FeatureWrapper)[pri:0, instance:com.bstackdemo.runner.TestRunner@3098cf3b]" started-at="2026-07-07T16:54:32 IST" name="runScenario" description="Runs Cucumber Scenarios" data-provider="scenarios" finished-at="2026-07-07T16:57:10 IST" duration-ms="158072" status="PASS">
          <params>
            <param index="0">
              <value>
                <![CDATA["Checkout mandatory field validation scenarios"]]>
              </value>
            </param>
            <param index="1">
              <value>
                <![CDATA["BStackDemo scenarios sorted by real user execution flow"]]>
              </value>
            </param>
          </params>
          <reporter-output>
          </reporter-output>
        </test-method> <!-- runScenario -->
        <test-method signature="runScenario(io.cucumber.testng.PickleWrapper,io.cucumber.testng.FeatureWrapper)[pri:0, instance:com.bstackdemo.runner.TestRunner@3098cf3b]" started-at="2026-07-07T16:57:10 IST" name="runScenario" description="Runs Cucumber Scenarios" data-provider="scenarios" finished-at="2026-07-07T16:58:05 IST" duration-ms="55254" status="PASS">
          <params>
            <param index="0">
              <value>
                <![CDATA["Checkout order and confirmation scenarios"]]>
              </value>
            </param>
            <param index="1">
              <value>
                <![CDATA["BStackDemo scenarios sorted by real user execution flow"]]>
              </value>
            </param>
          </params>
          <reporter-output>
          </reporter-output>
        </test-method> <!-- runScenario -->
        <test-method signature="runScenario(io.cucumber.testng.PickleWrapper,io.cucumber.testng.FeatureWrapper)[pri:0, instance:com.bstackdemo.runner.TestRunner@3098cf3b]" started-at="2026-07-07T16:58:05 IST" name="runScenario" description="Runs Cucumber Scenarios" data-provider="scenarios" finished-at="2026-07-07T16:58:51 IST" duration-ms="45228" status="PASS">
          <params>
            <param index="0">
              <value>
                <![CDATA["Logout and browser security scenarios"]]>
              </value>
            </param>
            <param index="1">
              <value>
                <![CDATA["BStackDemo scenarios sorted by real user execution flow"]]>
              </value>
            </param>
          </params>
          <reporter-output>
          </reporter-output>
        </test-method> <!-- runScenario -->
        <test-method signature="runScenario(io.cucumber.testng.PickleWrapper,io.cucumber.testng.FeatureWrapper)[pri:0, instance:com.bstackdemo.runner.TestRunner@3098cf3b]" started-at="2026-07-07T16:58:51 IST" name="runScenario" description="Runs Cucumber Scenarios" data-provider="scenarios" finished-at="2026-07-07T16:59:22 IST" duration-ms="31287" status="PASS">
          <params>
            <param index="0">
              <value>
                <![CDATA["Framework wait screenshot and report scenarios"]]>
              </value>
            </param>
            <param index="1">
              <value>
                <![CDATA["BStackDemo scenarios sorted by real user execution flow"]]>
              </value>
            </param>
          </params>
          <reporter-output>
          </reporter-output>
        </test-method> <!-- runScenario -->
        <test-method signature="runScenario(io.cucumber.testng.PickleWrapper,io.cucumber.testng.FeatureWrapper)[pri:0, instance:com.bstackdemo.runner.TestRunner@3098cf3b]" started-at="2026-07-07T16:59:22 IST" name="runScenario" description="Runs Cucumber Scenarios" data-provider="scenarios" finished-at="2026-07-07T16:59:50 IST" duration-ms="28062" status="PASS">
          <params>
            <param index="0">
              <value>
                <![CDATA["Chrome browser compatibility and responsive scenarios"]]>
              </value>
            </param>
            <param index="1">
              <value>
                <![CDATA["BStackDemo scenarios sorted by real user execution flow"]]>
              </value>
            </param>
          </params>
          <reporter-output>
          </reporter-output>
        </test-method> <!-- runScenario -->
        <test-method signature="runScenario(io.cucumber.testng.PickleWrapper,io.cucumber.testng.FeatureWrapper)[pri:0, instance:com.bstackdemo.runner.TestRunner@3098cf3b]" started-at="2026-07-07T16:59:50 IST" name="runScenario" description="Runs Cucumber Scenarios" data-provider="scenarios" finished-at="2026-07-07T16:59:52 IST" duration-ms="2047" status="FAIL">
          <params>
            <param index="0">
              <value>
                <![CDATA["Edge browser compatibility scenario"]]>
              </value>
            </param>
            <param index="1">
              <value>
                <![CDATA["BStackDemo scenarios sorted by real user execution flow"]]>
              </value>
            </param>
          </params>
          <exception class="org.openqa.selenium.SessionNotCreatedException">
            <message>
              <![CDATA[Could not start a new session. Response code 500. Message: session not created: This version of Microsoft Edge WebDriver only supports Microsoft Edge version 148
Current browser version is 150.0.4078.48 with binary path C:\Program Files (x86)\Microsoft\Edge\Application\msedge.exe 
Host info: host: 'LAPTOP-30TF6H8T', ip: '10.218.120.22'
Build info: version: '4.23.1', revision: '656257d8e9'
System info: os.name: 'Windows 11', os.arch: 'amd64', os.version: '10.0', java.version: '23.0.1'
Driver info: org.openqa.selenium.edge.EdgeDriver
Command: [null, newSession {capabilities=[Capabilities {browserName: MicrosoftEdge, ms:edgeOptions: {args: [--start-maximized, --remote-allow-origins=*], binary: C:\Program Files (x86)\Micr..., extensions: []}}]}]]]>
            </message>
            <full-stacktrace>
              <![CDATA[org.openqa.selenium.SessionNotCreatedException: Could not start a new session. Response code 500. Message: session not created: This version of Microsoft Edge WebDriver only supports Microsoft Edge version 148
Current browser version is 150.0.4078.48 with binary path C:\Program Files (x86)\Microsoft\Edge\Application\msedge.exe 
Host info: host: 'LAPTOP-30TF6H8T', ip: '10.218.120.22'
Build info: version: '4.23.1', revision: '656257d8e9'
System info: os.name: 'Windows 11', os.arch: 'amd64', os.version: '10.0', java.version: '23.0.1'
Driver info: org.openqa.selenium.edge.EdgeDriver
Command: [null, newSession {capabilities=[Capabilities {browserName: MicrosoftEdge, ms:edgeOptions: {args: [--start-maximized, --remote-allow-origins=*], binary: C:\Program Files (x86)\Micr..., extensions: []}}]}]
at org.openqa.selenium.remote.ProtocolHandshake.createSession(ProtocolHandshake.java:114)
at org.openqa.selenium.remote.ProtocolHandshake.createSession(ProtocolHandshake.java:75)
at org.openqa.selenium.remote.ProtocolHandshake.createSession(ProtocolHandshake.java:61)
at org.openqa.selenium.remote.HttpCommandExecutor.execute(HttpCommandExecutor.java:162)
at org.openqa.selenium.remote.service.DriverCommandExecutor.invokeExecute(DriverCommandExecutor.java:216)
at org.openqa.selenium.remote.service.DriverCommandExecutor.execute(DriverCommandExecutor.java:174)
at org.openqa.selenium.remote.RemoteWebDriver.execute(RemoteWebDriver.java:545)
at org.openqa.selenium.remote.RemoteWebDriver.startSession(RemoteWebDriver.java:245)
at org.openqa.selenium.remote.RemoteWebDriver.<init>(RemoteWebDriver.java:174)
at org.openqa.selenium.chromium.ChromiumDriver.<init>(ChromiumDriver.java:114)
at org.openqa.selenium.edge.EdgeDriver.<init>(EdgeDriver.java:60)
at org.openqa.selenium.edge.EdgeDriver.<init>(EdgeDriver.java:56)
at org.openqa.selenium.edge.EdgeDriver.<init>(EdgeDriver.java:48)
at com.bstackdemo.base.DriverFactory.initDriver(DriverFactory.java:37)
at com.bstackdemo.hooks.Hooks.invokeBrowserBasedOnScenario(Hooks.java:20)
]]>
            </full-stacktrace>
          </exception> <!-- org.openqa.selenium.SessionNotCreatedException -->
          <reporter-output>
          </reporter-output>
        </test-method> <!-- runScenario -->
        <test-method is-config="true" signature="tearDownClass()[pri:0, instance:com.bstackdemo.runner.TestRunner@3098cf3b]" started-at="2026-07-07T16:59:52 IST" name="tearDownClass" finished-at="2026-07-07T16:59:52 IST" duration-ms="106" status="PASS">
          <reporter-output>
          </reporter-output>
        </test-method> <!-- tearDownClass -->
      </class> <!-- com.bstackdemo.runner.TestRunner -->
    </test> <!-- Default test -->
  </suite> <!-- Default suite -->
</testng-results>
